<?xml version="1.0" encoding="UTF-8"?>
<testng-results skipped="0" failed="0" ignored="0" total="1" passed="1">
  <reporter-output>
  </reporter-output>
  <suite name="Default suite" duration-ms="42338" started-at="2018-06-16T13:48:45Z" finished-at="2018-06-16T13:49:27Z">
    <groups>
    </groups>
    <test name="Default test" duration-ms="42338" started-at="2018-06-16T13:48:45Z" finished-at="2018-06-16T13:49:27Z">
      <class name="circlepackage.App">
        <test-method status="PASS" signature="validateEmailTextTest()[pri:0, instance:circlepackage.App@1c807b1d]" name="validateEmailTextTest" duration-ms="42244" started-at="2018-06-16T13:48:45Z" finished-at="2018-06-16T13:49:27Z">
          <reporter-output>
          </reporter-output>
        </test-method> <!-- validateEmailTextTest -->
      </class> <!-- circlepackage.App -->
    </test> <!-- Default test -->
  </suite> <!-- Default suite -->
</testng-results>
